<?xml version="1.0" encoding="UTF-8"?>
<!-- Generated by org.testng.reporters.JUnitReportReporter -->
<testsuite skipped="6" hostname="DESKTOP-U3C7JJ8" name="gurudemosite.HomePageTest" tests="7" failures="0" timestamp="24 Apr 2018 06:02:58 GMT" time="25.072" errors="0">
  <testcase name="loginTest" time="25.072" classname="gurudemosite.HomePageTest"/>
  <testcase name="homePageTitle" classname="gurudemosite.HomePageTest">
    <skipped/>
  </testcase> <!-- homePageTitle -->
  <testcase name="loginInValidInput" classname="gurudemosite.HomePageTest">
    <skipped/>
  </testcase> <!-- loginInValidInput -->
  <testcase name="blankPassword" classname="gurudemosite.HomePageTest">
    <skipped/>
  </testcase> <!-- blankPassword -->
  <testcase name="resetButton" classname="gurudemosite.HomePageTest">
    <skipped/>
  </testcase> <!-- resetButton -->
  <testcase name="loginValidInput" classname="gurudemosite.HomePageTest">
    <skipped/>
  </testcase> <!-- loginValidInput -->
  <testcase name="blankUserId" classname="gurudemosite.HomePageTest">
    <skipped/>
  </testcase> <!-- blankUserId -->
</testsuite> <!-- gurudemosite.HomePageTest -->
